# JRE version: OpenJDK Runtime Environment Microsoft-7208460 (11.0.18+10) (build 11.0.18+10-LTS)
# Java VM: OpenJDK 64-Bit Server VM Microsoft-7208460 (11.0.18+10-LTS, mixed mode, tiered, compressed oops, g1 gc, windows-amd64)
Heap:
 garbage-first heap   total 660480K, used 206792K [0x0000000080000000, 0x0000000100000000)
  region size 1024K, 2 young (2048K), 2 survivors (2048K)
 Metaspace       used 125614K, capacity 130218K, committed 131156K, reserved 630784K
  class space    used 16009K, capacity 17731K, committed 18048K, reserved 516096K
GC Heap History (20 events):
Event: 8510.581 GC heap after
{Heap after GC invocations=111 (full 0):
 garbage-first heap   total 315392K, used 261872K [0x0000000080000000, 0x0000000100000000)
  region size 1024K, 3 young (3072K), 3 survivors (3072K)
 Metaspace       used 125322K, capacity 130024K, committed 130260K, reserved 628736K
  class space    used 16085K, capacity 17857K, committed 17920K, reserved 516096K
}
Event: 8510.739 GC heap before
{Heap before GC invocations=111 (full 0):
 garbage-first heap   total 315392K, used 275184K [0x0000000080000000, 0x0000000100000000)
  region size 1024K, 16 young (16384K), 3 survivors (3072K)
 Metaspace       used 125350K, capacity 130031K, committed 130260K, reserved 628736K
  class space    used 16086K, capacity 17858K, committed 17920K, reserved 516096K
}
Event: 8510.747 GC heap after
{Heap after GC invocations=112 (full 0):
 garbage-first heap   total 315392K, used 265872K [0x0000000080000000, 0x0000000100000000)
  region size 1024K, 2 young (2048K), 2 survivors (2048K)
 Metaspace       used 125350K, capacity 130031K, committed 130260K, reserved 628736K
  class space    used 16086K, capacity 17858K, committed 17920K, reserved 516096K
}
Event: 8511.117 GC heap before
{Heap before GC invocations=112 (full 0):
 garbage-first heap   total 315392K, used 279184K [0x0000000080000000, 0x0000000100000000)
  region size 1024K, 15 young (15360K), 2 survivors (2048K)
 Metaspace       used 125431K, capacity 130175K, committed 130260K, reserved 628736K
  class space    used 16088K, capacity 17861K, committed 17920K, reserved 516096K
}
Event: 8511.124 GC heap after
{Heap after GC invocations=113 (full 0):
 garbage-first heap   total 315392K, used 269147K [0x0000000080000000, 0x0000000100000000)
  region size 1024K, 2 young (2048K), 2 survivors (2048K)
 Metaspace       used 125431K, capacity 130175K, committed 130260K, reserved 628736K
  class space    used 16088K, capacity 17861K, committed 17920K, reserved 516096K
}
Event: 8511.375 GC heap before
{Heap before GC invocations=113 (full 0):
 garbage-first heap   total 315392K, used 282459K [0x0000000080000000, 0x0000000100000000)
  region size 1024K, 15 young (15360K), 2 survivors (2048K)
 Metaspace       used 125471K, capacity 130314K, committed 130516K, reserved 630784K
  class space    used 16088K, capacity 17862K, committed 17920K, reserved 516096K
}
Event: 8511.383 GC heap after
{Heap after GC invocations=114 (full 0):
 garbage-first heap   total 315392K, used 272702K [0x0000000080000000, 0x0000000100000000)
  region size 1024K, 2 young (2048K), 2 survivors (2048K)
 Metaspace       used 125471K, capacity 130314K, committed 130516K, reserved 630784K
  class space    used 16088K, capacity 17862K, committed 17920K, reserved 516096K
}
Event: 8511.548 GC heap before
{Heap before GC invocations=114 (full 0):
 garbage-first heap   total 315392K, used 286014K [0x0000000080000000, 0x0000000100000000)
  region size 1024K, 15 young (15360K), 2 survivors (2048K)
 Metaspace       used 125518K, capacity 130331K, committed 130516K, reserved 630784K
  class space    used 16090K, capacity 17866K, committed 17920K, reserved 516096K
}
Event: 8511.578 GC heap after
{Heap after GC invocations=115 (full 0):
 garbage-first heap   total 315392K, used 275699K [0x0000000080000000, 0x0000000100000000)
  region size 1024K, 2 young (2048K), 2 survivors (2048K)
 Metaspace       used 125518K, capacity 130331K, committed 130516K, reserved 630784K
  class space    used 16090K, capacity 17866K, committed 17920K, reserved 516096K
}
Event: 8511.974 GC heap before
{Heap before GC invocations=115 (full 0):
 garbage-first heap   total 315392K, used 289011K [0x0000000080000000, 0x0000000100000000)
  region size 1024K, 15 young (15360K), 2 survivors (2048K)
 Metaspace       used 125621K, capacity 130421K, committed 130516K, reserved 630784K
  class space    used 16106K, capacity 17895K, committed 17920K, reserved 516096K
}
Event: 8512.037 GC heap after
{Heap after GC invocations=116 (full 0):
 garbage-first heap   total 315392K, used 278505K [0x0000000080000000, 0x0000000100000000)
  region size 1024K, 2 young (2048K), 2 survivors (2048K)
 Metaspace       used 125621K, capacity 130421K, committed 130516K, reserved 630784K
  class space    used 16106K, capacity 17895K, committed 17920K, reserved 516096K
}
Event: 8512.487 GC heap before
{Heap before GC invocations=116 (full 0):
 garbage-first heap   total 315392K, used 291817K [0x0000000080000000, 0x0000000100000000)
  region size 1024K, 15 young (15360K), 2 survivors (2048K)
 Metaspace       used 125731K, capacity 130572K, committed 130900K, reserved 630784K
  class space    used 16120K, capacity 17921K, committed 18048K, reserved 516096K
}
Event: 8512.511 GC heap after
{Heap after GC invocations=117 (full 0):
 garbage-first heap   total 315392K, used 281281K [0x0000000080000000, 0x0000000100000000)
  region size 1024K, 2 young (2048K), 2 survivors (2048K)
 Metaspace       used 125731K, capacity 130572K, committed 130900K, reserved 630784K
  class space    used 16120K, capacity 17921K, committed 18048K, reserved 516096K
}
Event: 8514.031 GC heap before
{Heap before GC invocations=118 (full 0):
 garbage-first heap   total 315392K, used 285377K [0x0000000080000000, 0x0000000100000000)
  region size 1024K, 15 young (15360K), 2 survivors (2048K)
 Metaspace       used 125135K, capacity 129645K, committed 130900K, reserved 630784K
  class space    used 15959K, capacity 17610K, committed 18048K, reserved 516096K
}
Event: 8514.079 GC heap after
{Heap after GC invocations=119 (full 0):
 garbage-first heap   total 315392K, used 273279K [0x0000000080000000, 0x0000000100000000)
  region size 1024K, 1 young (1024K), 1 survivors (1024K)
 Metaspace       used 125135K, capacity 129645K, committed 130900K, reserved 630784K
  class space    used 15959K, capacity 17610K, committed 18048K, reserved 516096K
}
Event: 8514.544 GC heap before
{Heap before GC invocations=119 (full 0):
 garbage-first heap   total 315392K, used 287615K [0x0000000080000000, 0x0000000100000000)
  region size 1024K, 15 young (15360K), 1 survivors (1024K)
 Metaspace       used 125290K, capacity 129821K, committed 130900K, reserved 630784K
  class space    used 15982K, capacity 17681K, committed 18048K, reserved 516096K
}
Event: 8514.554 GC heap after
{Heap after GC invocations=120 (full 0):
 garbage-first heap   total 315392K, used 243029K [0x0000000080000000, 0x0000000100000000)
  region size 1024K, 2 young (2048K), 2 survivors (2048K)
 Metaspace       used 125290K, capacity 129821K, committed 130900K, reserved 630784K
  class space    used 15982K, capacity 17681K, committed 18048K, reserved 516096K
}
Event: 8514.884 GC heap before
{Heap before GC invocations=120 (full 0):
 garbage-first heap   total 315392K, used 255317K [0x0000000080000000, 0x0000000100000000)
  region size 1024K, 15 young (15360K), 2 survivors (2048K)
 Metaspace       used 125412K, capacity 129969K, committed 130900K, reserved 630784K
  class space    used 16000K, capacity 17714K, committed 18048K, reserved 516096K
}
Event: 8515.088 GC heap after
{Heap after GC invocations=121 (full 0):
 garbage-first heap   total 315392K, used 217017K [0x0000000080000000, 0x0000000100000000)
  region size 1024K, 2 young (2048K), 2 survivors (2048K)
 Metaspace       used 125412K, capacity 129969K, committed 130900K, reserved 630784K
  class space    used 16000K, capacity 17714K, committed 18048K, reserved 516096K
}
Event: 8515.309 GC heap before
{Heap before GC invocations=121 (full 0):
 garbage-first heap   total 315392K, used 230329K [0x0000000080000000, 0x0000000100000000)
  region size 1024K, 15 young (15360K), 2 survivors (2048K)
 Metaspace       used 125614K, capacity 130218K, committed 131156K, reserved 630784K
  class space    used 16009K, capacity 17731K, committed 18048K, reserved 516096K
}

