# JRE version: OpenJDK Runtime Environment Microsoft-7208460 (11.0.18+10) (build 11.0.18+10-LTS)
# Java VM: OpenJDK 64-Bit Server VM Microsoft-7208460 (11.0.18+10-LTS, mixed mode, tiered, compressed oops, g1 gc, windows-amd64)
Heap:
 garbage-first heap   total 264192K, used 172008K [0x0000000080000000, 0x0000000100000000)
  region size 1024K, 24 young (24576K), 4 survivors (4096K)
 Metaspace       used 104926K, capacity 108556K, committed 108680K, reserved 610304K
  class space    used 13794K, capacity 15229K, committed 15232K, reserved 516096K
GC Heap History (20 events):
Event: 34.000 GC heap before
{Heap before GC invocations=46 (full 0):
 garbage-first heap   total 152576K, used 137576K [0x0000000080000000, 0x0000000100000000)
  region size 1024K, 7 young (7168K), 1 survivors (1024K)
 Metaspace       used 97928K, capacity 101115K, committed 101256K, reserved 604160K
  class space    used 12865K, capacity 14144K, committed 14208K, reserved 516096K
}
Event: 34.004 GC heap after
{Heap after GC invocations=47 (full 0):
 garbage-first heap   total 152576K, used 131914K [0x0000000080000000, 0x0000000100000000)
  region size 1024K, 1 young (1024K), 1 survivors (1024K)
 Metaspace       used 97928K, capacity 101115K, committed 101256K, reserved 604160K
  class space    used 12865K, capacity 14144K, committed 14208K, reserved 516096K
}
Event: 34.101 GC heap before
{Heap before GC invocations=47 (full 0):
 garbage-first heap   total 152576K, used 138058K [0x0000000080000000, 0x0000000100000000)
  region size 1024K, 7 young (7168K), 1 survivors (1024K)
 Metaspace       used 98070K, capacity 101249K, committed 101512K, reserved 604160K
  class space    used 12879K, capacity 14145K, committed 14208K, reserved 516096K
}
Event: 34.106 GC heap after
{Heap after GC invocations=48 (full 0):
 garbage-first heap   total 183296K, used 132810K [0x0000000080000000, 0x0000000100000000)
  region size 1024K, 1 young (1024K), 1 survivors (1024K)
 Metaspace       used 98070K, capacity 101249K, committed 101512K, reserved 604160K
  class space    used 12879K, capacity 14145K, committed 14208K, reserved 516096K
}
Event: 34.406 GC heap before
{Heap before GC invocations=49 (full 0):
 garbage-first heap   total 183296K, used 148170K [0x0000000080000000, 0x0000000100000000)
  region size 1024K, 16 young (16384K), 1 survivors (1024K)
 Metaspace       used 98624K, capacity 101830K, committed 102152K, reserved 604160K
  class space    used 12950K, capacity 14252K, committed 14336K, reserved 516096K
}
Event: 34.411 GC heap after
{Heap after GC invocations=50 (full 0):
 garbage-first heap   total 183296K, used 134612K [0x0000000080000000, 0x0000000100000000)
  region size 1024K, 2 young (2048K), 2 survivors (2048K)
 Metaspace       used 98624K, capacity 101830K, committed 102152K, reserved 604160K
  class space    used 12950K, capacity 14252K, committed 14336K, reserved 516096K
}
Event: 34.837 GC heap before
{Heap before GC invocations=50 (full 0):
 garbage-first heap   total 183296K, used 148948K [0x0000000080000000, 0x0000000100000000)
  region size 1024K, 17 young (17408K), 2 survivors (2048K)
 Metaspace       used 98751K, capacity 102024K, committed 102152K, reserved 604160K
  class space    used 12959K, capacity 14292K, committed 14336K, reserved 516096K
}
Event: 34.843 GC heap after
{Heap after GC invocations=51 (full 0):
 garbage-first heap   total 183296K, used 136777K [0x0000000080000000, 0x0000000100000000)
  region size 1024K, 3 young (3072K), 3 survivors (3072K)
 Metaspace       used 98751K, capacity 102024K, committed 102152K, reserved 604160K
  class space    used 12959K, capacity 14292K, committed 14336K, reserved 516096K
}
Event: 35.168 GC heap before
{Heap before GC invocations=52 (full 0):
 garbage-first heap   total 183296K, used 152137K [0x0000000080000000, 0x0000000100000000)
  region size 1024K, 17 young (17408K), 3 survivors (3072K)
 Metaspace       used 98912K, capacity 102361K, committed 102536K, reserved 606208K
  class space    used 12980K, capacity 14346K, committed 14464K, reserved 516096K
}
Event: 35.175 GC heap after
{Heap after GC invocations=53 (full 0):
 garbage-first heap   total 183296K, used 142899K [0x0000000080000000, 0x0000000100000000)
  region size 1024K, 3 young (3072K), 3 survivors (3072K)
 Metaspace       used 98912K, capacity 102361K, committed 102536K, reserved 606208K
  class space    used 12980K, capacity 14346K, committed 14464K, reserved 516096K
}
Event: 35.312 GC heap before
{Heap before GC invocations=53 (full 0):
 garbage-first heap   total 183296K, used 155187K [0x0000000080000000, 0x0000000100000000)
  region size 1024K, 15 young (15360K), 3 survivors (3072K)
 Metaspace       used 99090K, capacity 102560K, committed 102792K, reserved 606208K
  class space    used 12994K, capacity 14387K, committed 14464K, reserved 516096K
}
Event: 35.321 GC heap after
{Heap after GC invocations=54 (full 0):
 garbage-first heap   total 220160K, used 146285K [0x0000000080000000, 0x0000000100000000)
  region size 1024K, 2 young (2048K), 2 survivors (2048K)
 Metaspace       used 99090K, capacity 102560K, committed 102792K, reserved 606208K
  class space    used 12994K, capacity 14387K, committed 14464K, reserved 516096K
}
Event: 35.702 GC heap before
{Heap before GC invocations=55 (full 0):
 garbage-first heap   total 220160K, used 166765K [0x0000000080000000, 0x0000000100000000)
  region size 1024K, 23 young (23552K), 2 survivors (2048K)
 Metaspace       used 99948K, capacity 103480K, committed 103688K, reserved 606208K
  class space    used 13142K, capacity 14584K, committed 14592K, reserved 516096K
}
Event: 35.709 GC heap after
{Heap after GC invocations=56 (full 0):
 garbage-first heap   total 220160K, used 147377K [0x0000000080000000, 0x0000000100000000)
  region size 1024K, 2 young (2048K), 2 survivors (2048K)
 Metaspace       used 99948K, capacity 103480K, committed 103688K, reserved 606208K
  class space    used 13142K, capacity 14584K, committed 14592K, reserved 516096K
}
Event: 36.183 GC heap before
{Heap before GC invocations=56 (full 0):
 garbage-first heap   total 220160K, used 169905K [0x0000000080000000, 0x0000000100000000)
  region size 1024K, 24 young (24576K), 2 survivors (2048K)
 Metaspace       used 101196K, capacity 104707K, committed 104968K, reserved 608256K
  class space    used 13314K, capacity 14726K, committed 14848K, reserved 516096K
}
Event: 36.189 GC heap after
{Heap after GC invocations=57 (full 0):
 garbage-first heap   total 220160K, used 148485K [0x0000000080000000, 0x0000000100000000)
  region size 1024K, 3 young (3072K), 3 survivors (3072K)
 Metaspace       used 101196K, capacity 104707K, committed 104968K, reserved 608256K
  class space    used 13314K, capacity 14726K, committed 14848K, reserved 516096K
}
Event: 36.634 GC heap before
{Heap before GC invocations=58 (full 0):
 garbage-first heap   total 220160K, used 173061K [0x0000000080000000, 0x0000000100000000)
  region size 1024K, 27 young (27648K), 3 survivors (3072K)
 Metaspace       used 102684K, capacity 106332K, committed 106376K, reserved 608256K
  class space    used 13526K, capacity 14968K, committed 14976K, reserved 516096K
}
Event: 36.640 GC heap after
{Heap after GC invocations=59 (full 0):
 garbage-first heap   total 220160K, used 149920K [0x0000000080000000, 0x0000000100000000)
  region size 1024K, 3 young (3072K), 3 survivors (3072K)
 Metaspace       used 102684K, capacity 106332K, committed 106376K, reserved 608256K
  class space    used 13526K, capacity 14968K, committed 14976K, reserved 516096K
}
Event: 37.120 GC heap before
{Heap before GC invocations=59 (full 0):
 garbage-first heap   total 220160K, used 175520K [0x0000000080000000, 0x0000000100000000)
  region size 1024K, 28 young (28672K), 3 survivors (3072K)
 Metaspace       used 104182K, capacity 107822K, committed 107912K, reserved 610304K
  class space    used 13722K, capacity 15177K, committed 15232K, reserved 516096K
}
Event: 37.129 GC heap after
{Heap after GC invocations=60 (full 0):
 garbage-first heap   total 264192K, used 152552K [0x0000000080000000, 0x0000000100000000)
  region size 1024K, 4 young (4096K), 4 survivors (4096K)
 Metaspace       used 104182K, capacity 107822K, committed 107912K, reserved 610304K
  class space    used 13722K, capacity 15177K, committed 15232K, reserved 516096K
}

