# JRE version: OpenJDK Runtime Environment (17.0.6) (build 17.0.6+0-b2043.56-9586694)
# Java VM: OpenJDK 64-Bit Server VM (17.0.6+0-b2043.56-9586694, mixed mode, tiered, compressed oops, compressed class ptrs, g1 gc, windows-amd64)
GC Precious Log:
 CPUs: 8 total, 8 available
 Memory: 7879M
 Large Page Support: Disabled
 NUMA Support: Disabled
 Compressed Oops: Enabled (32-bit)
 Heap Region Size: 1M
 Heap Min Capacity: 8M
 Heap Initial Capacity: 124M
 Heap Max Capacity: 2G
 Pre-touch: Disabled
 Parallel Workers: 8
 Concurrent Workers: 2
 Concurrent Refinement Workers: 8
 Periodic GC: Disabled
Heap:
 garbage-first heap   total 237568K, used 193201K [0x0000000080000000, 0x0000000100000000)
  region size 1024K, 86 young (88064K), 6 survivors (6144K)
 Metaspace       used 84545K, committed 85376K, reserved 503808K
  class space    used 11412K, committed 11840K, reserved 421888K
GC Heap History (20 events):
Event: 11.345 GC heap before
{Heap before GC invocations=14 (full 0):
 garbage-first heap   total 150528K, used 110260K [0x0000000080000000, 0x0000000100000000)
  region size 1024K, 60 young (61440K), 4 survivors (4096K)
 Metaspace       used 54772K, committed 55360K, reserved 471040K
  class space    used 7272K, committed 7552K, reserved 421888K
}
Event: 11.358 GC heap after
{Heap after GC invocations=15 (full 0):
 garbage-first heap   total 150528K, used 64512K [0x0000000080000000, 0x0000000100000000)
  region size 1024K, 8 young (8192K), 8 survivors (8192K)
 Metaspace       used 54772K, committed 55360K, reserved 471040K
  class space    used 7272K, committed 7552K, reserved 421888K
}
Event: 12.092 GC heap before
{Heap before GC invocations=15 (full 0):
 garbage-first heap   total 150528K, used 114688K [0x0000000080000000, 0x0000000100000000)
  region size 1024K, 53 young (54272K), 8 survivors (8192K)
 Metaspace       used 57020K, committed 57728K, reserved 479232K
  class space    used 7576K, committed 7936K, reserved 421888K
}
Event: 12.105 GC heap after
{Heap after GC invocations=16 (full 0):
 garbage-first heap   total 150528K, used 77729K [0x0000000080000000, 0x0000000100000000)
  region size 1024K, 7 young (7168K), 7 survivors (7168K)
 Metaspace       used 57020K, committed 57728K, reserved 479232K
  class space    used 7576K, committed 7936K, reserved 421888K
}
Event: 12.742 GC heap before
{Heap before GC invocations=16 (full 0):
 garbage-first heap   total 150528K, used 104353K [0x0000000080000000, 0x0000000100000000)
  region size 1024K, 34 young (34816K), 7 survivors (7168K)
 Metaspace       used 59541K, committed 60160K, reserved 479232K
  class space    used 8055K, committed 8384K, reserved 421888K
}
Event: 12.756 GC heap after
{Heap after GC invocations=17 (full 0):
 garbage-first heap   total 150528K, used 81398K [0x0000000080000000, 0x0000000100000000)
  region size 1024K, 4 young (4096K), 4 survivors (4096K)
 Metaspace       used 59541K, committed 60160K, reserved 479232K
  class space    used 8055K, committed 8384K, reserved 421888K
}
Event: 13.908 GC heap before
{Heap before GC invocations=18 (full 0):
 garbage-first heap   total 150528K, used 119286K [0x0000000080000000, 0x0000000100000000)
  region size 1024K, 39 young (39936K), 4 survivors (4096K)
 Metaspace       used 63026K, committed 63808K, reserved 479232K
  class space    used 8609K, committed 9024K, reserved 421888K
}
Event: 13.923 GC heap after
{Heap after GC invocations=19 (full 0):
 garbage-first heap   total 150528K, used 84991K [0x0000000080000000, 0x0000000100000000)
  region size 1024K, 4 young (4096K), 4 survivors (4096K)
 Metaspace       used 63026K, committed 63808K, reserved 479232K
  class space    used 8609K, committed 9024K, reserved 421888K
}
Event: 13.975 GC heap before
{Heap before GC invocations=19 (full 0):
 garbage-first heap   total 150528K, used 88063K [0x0000000080000000, 0x0000000100000000)
  region size 1024K, 7 young (7168K), 4 survivors (4096K)
 Metaspace       used 63142K, committed 63872K, reserved 479232K
  class space    used 8640K, committed 9024K, reserved 421888K
}
Event: 13.986 GC heap after
{Heap after GC invocations=20 (full 0):
 garbage-first heap   total 150528K, used 84856K [0x0000000080000000, 0x0000000100000000)
  region size 1024K, 1 young (1024K), 1 survivors (1024K)
 Metaspace       used 63142K, committed 63872K, reserved 479232K
  class space    used 8640K, committed 9024K, reserved 421888K
}
Event: 14.920 GC heap before
{Heap before GC invocations=20 (full 0):
 garbage-first heap   total 150528K, used 118648K [0x0000000080000000, 0x0000000100000000)
  region size 1024K, 35 young (35840K), 1 survivors (1024K)
 Metaspace       used 63689K, committed 64512K, reserved 479232K
  class space    used 8733K, committed 9152K, reserved 421888K
}
Event: 14.927 GC heap after
{Heap after GC invocations=21 (full 0):
 garbage-first heap   total 237568K, used 88446K [0x0000000080000000, 0x0000000100000000)
  region size 1024K, 5 young (5120K), 5 survivors (5120K)
 Metaspace       used 63689K, committed 64512K, reserved 479232K
  class space    used 8733K, committed 9152K, reserved 421888K
}
Event: 16.518 GC heap before
{Heap before GC invocations=22 (full 0):
 garbage-first heap   total 237568K, used 186750K [0x0000000080000000, 0x0000000100000000)
  region size 1024K, 94 young (96256K), 5 survivors (5120K)
 Metaspace       used 64046K, committed 64832K, reserved 479232K
  class space    used 8738K, committed 9152K, reserved 421888K
}
Event: 16.532 GC heap after
{Heap after GC invocations=23 (full 0):
 garbage-first heap   total 237568K, used 94963K [0x0000000080000000, 0x0000000100000000)
  region size 1024K, 11 young (11264K), 11 survivors (11264K)
 Metaspace       used 64046K, committed 64832K, reserved 479232K
  class space    used 8738K, committed 9152K, reserved 421888K
}
Event: 16.550 GC heap before
{Heap before GC invocations=23 (full 0):
 garbage-first heap   total 237568K, used 94963K [0x0000000080000000, 0x0000000100000000)
  region size 1024K, 12 young (12288K), 11 survivors (11264K)
 Metaspace       used 64057K, committed 64896K, reserved 479232K
  class space    used 8738K, committed 9152K, reserved 421888K
}
Event: 16.562 GC heap after
{Heap after GC invocations=24 (full 0):
 garbage-first heap   total 237568K, used 95724K [0x0000000080000000, 0x0000000100000000)
  region size 1024K, 2 young (2048K), 2 survivors (2048K)
 Metaspace       used 64057K, committed 64896K, reserved 479232K
  class space    used 8738K, committed 9152K, reserved 421888K
}
Event: 18.362 GC heap before
{Heap before GC invocations=24 (full 0):
 garbage-first heap   total 237568K, used 193004K [0x0000000080000000, 0x0000000100000000)
  region size 1024K, 86 young (88064K), 2 survivors (2048K)
 Metaspace       used 66210K, committed 66944K, reserved 487424K
  class space    used 8896K, committed 9280K, reserved 421888K
}
Event: 18.374 GC heap after
{Heap after GC invocations=25 (full 0):
 garbage-first heap   total 237568K, used 104517K [0x0000000080000000, 0x0000000100000000)
  region size 1024K, 7 young (7168K), 7 survivors (7168K)
 Metaspace       used 66210K, committed 66944K, reserved 487424K
  class space    used 8896K, committed 9280K, reserved 421888K
}
Event: 20.196 GC heap before
{Heap before GC invocations=25 (full 0):
 garbage-first heap   total 237568K, used 192581K [0x0000000080000000, 0x0000000100000000)
  region size 1024K, 86 young (88064K), 7 survivors (7168K)
 Metaspace       used 73090K, committed 73920K, reserved 487424K
  class space    used 9892K, committed 10304K, reserved 421888K
}
Event: 20.212 GC heap after
{Heap after GC invocations=26 (full 0):
 garbage-first heap   total 237568K, used 106161K [0x0000000080000000, 0x0000000100000000)
  region size 1024K, 6 young (6144K), 6 survivors (6144K)
 Metaspace       used 73090K, committed 73920K, reserved 487424K
  class space    used 9892K, committed 10304K, reserved 421888K
}

