# JRE version: OpenJDK Runtime Environment (17.0.6) (build 17.0.6+0-b2043.56-9586694)
# Java VM: OpenJDK 64-Bit Server VM (17.0.6+0-b2043.56-9586694, mixed mode, tiered, compressed oops, compressed class ptrs, g1 gc, windows-amd64)
GC Precious Log:
 CPUs: 8 total, 8 available
 Memory: 7879M
 Large Page Support: Disabled
 NUMA Support: Disabled
 Compressed Oops: Enabled (32-bit)
 Heap Region Size: 1M
 Heap Min Capacity: 8M
 Heap Initial Capacity: 124M
 Heap Max Capacity: 2G
 Pre-touch: Disabled
 Parallel Workers: 8
 Concurrent Workers: 2
 Concurrent Refinement Workers: 8
 Periodic GC: Disabled
Heap:
 garbage-first heap   total 164864K, used 102436K [0x0000000080000000, 0x0000000100000000)
  region size 1024K, 3 young (3072K), 3 survivors (3072K)
 Metaspace       used 66491K, committed 67264K, reserved 487424K
  class space    used 9087K, committed 9472K, reserved 421888K
GC Heap History (20 events):
Event: 12.325 GC heap after
{Heap after GC invocations=22 (full 0):
 garbage-first heap   total 137216K, used 78554K [0x0000000080000000, 0x0000000100000000)
  region size 1024K, 2 young (2048K), 2 survivors (2048K)
 Metaspace       used 58845K, committed 59520K, reserved 479232K
  class space    used 7845K, committed 8192K, reserved 421888K
}
Event: 12.407 GC heap before
{Heap before GC invocations=22 (full 0):
 garbage-first heap   total 137216K, used 82650K [0x0000000080000000, 0x0000000100000000)
  region size 1024K, 6 young (6144K), 2 survivors (2048K)
 Metaspace       used 59167K, committed 59904K, reserved 479232K
  class space    used 7879K, committed 8256K, reserved 421888K
}
Event: 12.410 GC heap after
{Heap after GC invocations=23 (full 0):
 garbage-first heap   total 137216K, used 78537K [0x0000000080000000, 0x0000000100000000)
  region size 1024K, 1 young (1024K), 1 survivors (1024K)
 Metaspace       used 59167K, committed 59904K, reserved 479232K
  class space    used 7879K, committed 8256K, reserved 421888K
}
Event: 12.705 GC heap before
{Heap before GC invocations=23 (full 0):
 garbage-first heap   total 137216K, used 103113K [0x0000000080000000, 0x0000000100000000)
  region size 1024K, 26 young (26624K), 1 survivors (1024K)
 Metaspace       used 59901K, committed 60544K, reserved 479232K
  class space    used 7989K, committed 8320K, reserved 421888K
}
Event: 12.711 GC heap after
{Heap after GC invocations=24 (full 0):
 garbage-first heap   total 164864K, used 81998K [0x0000000080000000, 0x0000000100000000)
  region size 1024K, 4 young (4096K), 4 survivors (4096K)
 Metaspace       used 59901K, committed 60544K, reserved 479232K
  class space    used 7989K, committed 8320K, reserved 421888K
}
Event: 13.588 GC heap before
{Heap before GC invocations=25 (full 0):
 garbage-first heap   total 164864K, used 122958K [0x0000000080000000, 0x0000000100000000)
  region size 1024K, 44 young (45056K), 4 survivors (4096K)
 Metaspace       used 63322K, committed 64128K, reserved 479232K
  class space    used 8581K, committed 8960K, reserved 421888K
}
Event: 13.601 GC heap after
{Heap after GC invocations=26 (full 0):
 garbage-first heap   total 164864K, used 86425K [0x0000000080000000, 0x0000000100000000)
  region size 1024K, 5 young (5120K), 5 survivors (5120K)
 Metaspace       used 63322K, committed 64128K, reserved 479232K
  class space    used 8581K, committed 8960K, reserved 421888K
}
Event: 13.642 GC heap before
{Heap before GC invocations=26 (full 0):
 garbage-first heap   total 164864K, used 89497K [0x0000000080000000, 0x0000000100000000)
  region size 1024K, 8 young (8192K), 5 survivors (5120K)
 Metaspace       used 63617K, committed 64448K, reserved 479232K
  class space    used 8656K, committed 9088K, reserved 421888K
}
Event: 13.649 GC heap after
{Heap after GC invocations=27 (full 0):
 garbage-first heap   total 164864K, used 86874K [0x0000000080000000, 0x0000000100000000)
  region size 1024K, 1 young (1024K), 1 survivors (1024K)
 Metaspace       used 63617K, committed 64448K, reserved 479232K
  class space    used 8656K, committed 9088K, reserved 421888K
}
Event: 15.270 GC heap before
{Heap before GC invocations=27 (full 0):
 garbage-first heap   total 164864K, used 125786K [0x0000000080000000, 0x0000000100000000)
  region size 1024K, 40 young (40960K), 1 survivors (1024K)
 Metaspace       used 65669K, committed 66432K, reserved 487424K
  class space    used 9046K, committed 9408K, reserved 421888K
}
Event: 15.283 GC heap after
{Heap after GC invocations=28 (full 0):
 garbage-first heap   total 164864K, used 91929K [0x0000000080000000, 0x0000000100000000)
  region size 1024K, 5 young (5120K), 5 survivors (5120K)
 Metaspace       used 65669K, committed 66432K, reserved 487424K
  class space    used 9046K, committed 9408K, reserved 421888K
}
Event: 16.317 GC heap before
{Heap before GC invocations=29 (full 0):
 garbage-first heap   total 164864K, used 127769K [0x0000000080000000, 0x0000000100000000)
  region size 1024K, 41 young (41984K), 5 survivors (5120K)
 Metaspace       used 65748K, committed 66496K, reserved 487424K
  class space    used 9045K, committed 9408K, reserved 421888K
}
Event: 16.326 GC heap after
{Heap after GC invocations=30 (full 0):
 garbage-first heap   total 164864K, used 94288K [0x0000000080000000, 0x0000000100000000)
  region size 1024K, 3 young (3072K), 3 survivors (3072K)
 Metaspace       used 65748K, committed 66496K, reserved 487424K
  class space    used 9045K, committed 9408K, reserved 421888K
}
Event: 16.417 GC heap before
{Heap before GC invocations=30 (full 0):
 garbage-first heap   total 164864K, used 99408K [0x0000000080000000, 0x0000000100000000)
  region size 1024K, 8 young (8192K), 3 survivors (3072K)
 Metaspace       used 65748K, committed 66496K, reserved 487424K
  class space    used 9045K, committed 9408K, reserved 421888K
}
Event: 16.422 GC heap after
{Heap after GC invocations=31 (full 0):
 garbage-first heap   total 164864K, used 93684K [0x0000000080000000, 0x0000000100000000)
  region size 1024K, 1 young (1024K), 1 survivors (1024K)
 Metaspace       used 65748K, committed 66496K, reserved 487424K
  class space    used 9045K, committed 9408K, reserved 421888K
}
Event: 17.624 GC heap before
{Heap before GC invocations=31 (full 0):
 garbage-first heap   total 164864K, used 134644K [0x0000000080000000, 0x0000000100000000)
  region size 1024K, 37 young (37888K), 1 survivors (1024K)
 Metaspace       used 65958K, committed 66816K, reserved 487424K
  class space    used 9053K, committed 9472K, reserved 421888K
}
Event: 17.632 GC heap after
{Heap after GC invocations=32 (full 0):
 garbage-first heap   total 164864K, used 97142K [0x0000000080000000, 0x0000000100000000)
  region size 1024K, 4 young (4096K), 4 survivors (4096K)
 Metaspace       used 65958K, committed 66816K, reserved 487424K
  class space    used 9053K, committed 9472K, reserved 421888K
}
Event: 18.499 GC heap before
{Heap before GC invocations=32 (full 0):
 garbage-first heap   total 164864K, used 131958K [0x0000000080000000, 0x0000000100000000)
  region size 1024K, 39 young (39936K), 4 survivors (4096K)
 Metaspace       used 66203K, committed 67008K, reserved 487424K
  class space    used 9060K, committed 9472K, reserved 421888K
}
Event: 18.511 GC heap after
{Heap after GC invocations=33 (full 0):
 garbage-first heap   total 164864K, used 100341K [0x0000000080000000, 0x0000000100000000)
  region size 1024K, 4 young (4096K), 4 survivors (4096K)
 Metaspace       used 66203K, committed 67008K, reserved 487424K
  class space    used 9060K, committed 9472K, reserved 421888K
}
Event: 19.425 GC heap before
{Heap before GC invocations=33 (full 0):
 garbage-first heap   total 164864K, used 133109K [0x0000000080000000, 0x0000000100000000)
  region size 1024K, 37 young (37888K), 4 survivors (4096K)
 Metaspace       used 66491K, committed 67264K, reserved 487424K
  class space    used 9087K, committed 9472K, reserved 421888K
}

